<?xml version="1.0" encoding="UTF-8"?>
<testng-results ignored="0" total="1" passed="1" failed="0" skipped="0">
  <reporter-output>
  </reporter-output>
  <suite started-at="2022-03-29T03:18:35 IDT" name="Default suite" finished-at="2022-03-29T03:19:17 IDT" duration-ms="41896">
    <groups>
    </groups>
    <test started-at="2022-03-29T03:18:35 IDT" name="Default test" finished-at="2022-03-29T03:19:17 IDT" duration-ms="41896">
      <class name="tests.DestanationsTest">
        <test-method is-config="true" signature="bfc01_setup()[pri:0, instance:tests.DestanationsTest@4b54af3d]" started-at="2022-03-29T03:18:35 IDT" name="bfc01_setup" finished-at="2022-03-29T03:18:44 IDT" duration-ms="8719" status="PASS">
          <reporter-output>
          </reporter-output>
        </test-method> <!-- bfc01_setup -->
        <test-method signature="tc01_destanationCheckList()[pri:0, instance:tests.DestanationsTest@4b54af3d]" started-at="2022-03-29T03:18:44 IDT" name="tc01_destanationCheckList" finished-at="2022-03-29T03:19:17 IDT" duration-ms="32809" status="PASS">
          <reporter-output>
          </reporter-output>
        </test-method> <!-- tc01_destanationCheckList -->
      </class> <!-- tests.DestanationsTest -->
    </test> <!-- Default test -->
  </suite> <!-- Default suite -->
</testng-results>
